<?xml version="1.0" encoding="UTF-8"?>
<testsuite xmlns:xsi="http://www.w3.org/2001/XMLSchema-instance" xsi:noNamespaceSchemaLocation="https://maven.apache.org/surefire/maven-surefire-plugin/xsd/surefire-test-report-3.0.xsd" version="3.0" name="com.progressoft.tools.NormalizerTest" time="0.739" tests="12" errors="0" skipped="0" failures="0">
  <properties>
    <property name="java.specification.version" value="16"/>
    <property name="sun.cpu.isalist" value="amd64"/>
    <property name="sun.jnu.encoding" value="Cp1252"/>
    <property name="java.class.path" value="C:\Users\DELL\Desktop\progeress soft\interview-task-main\interview-task-main\target\test-classes;C:\Users\DELL\Desktop\progeress soft\interview-task-main\interview-task-main\target\classes;C:\Users\DELL\.m2\repository\org\junit\jupiter\junit-jupiter-api\5.6.2\junit-jupiter-api-5.6.2.jar;C:\Users\DELL\.m2\repository\org\apiguardian\apiguardian-api\1.1.0\apiguardian-api-1.1.0.jar;C:\Users\DELL\.m2\repository\org\opentest4j\opentest4j\1.2.0\opentest4j-1.2.0.jar;C:\Users\DELL\.m2\repository\org\junit\platform\junit-platform-commons\1.6.2\junit-platform-commons-1.6.2.jar;C:\Users\DELL\.m2\repository\org\junit\jupiter\junit-jupiter-engine\5.6.2\junit-jupiter-engine-5.6.2.jar;C:\Users\DELL\.m2\repository\org\junit\platform\junit-platform-engine\1.6.2\junit-platform-engine-1.6.2.jar;"/>
    <property name="java.vm.vendor" value="Oracle Corporation"/>
    <property name="sun.arch.data.model" value="64"/>
    <property name="user.variant" value=""/>
    <property name="java.vendor.url" value="https://java.oracle.com/"/>
    <property name="user.timezone" value="Asia/Amman"/>
    <property name="os.name" value="Windows 10"/>
    <property name="java.vm.specification.version" value="16"/>
    <property name="sun.java.launcher" value="SUN_STANDARD"/>
    <property name="user.country" value="US"/>
    <property name="sun.boot.library.path" value="C:\Program Files\Java\jdk-16\bin"/>
    <property name="sun.java.command" value="C:\Users\DELL\AppData\Local\Temp\surefire1220986276220409471\surefirebooter13443342011388306623.jar C:\Users\DELL\AppData\Local\Temp\surefire1220986276220409471 2022-06-20T23-50-22_596-jvmRun1 surefire10068011515298351591tmp surefire_02072563271437766084tmp"/>
    <property name="jdk.debug" value="release"/>
    <property name="surefire.test.class.path" value="C:\Users\DELL\Desktop\progeress soft\interview-task-main\interview-task-main\target\test-classes;C:\Users\DELL\Desktop\progeress soft\interview-task-main\interview-task-main\target\classes;C:\Users\DELL\.m2\repository\org\junit\jupiter\junit-jupiter-api\5.6.2\junit-jupiter-api-5.6.2.jar;C:\Users\DELL\.m2\repository\org\apiguardian\apiguardian-api\1.1.0\apiguardian-api-1.1.0.jar;C:\Users\DELL\.m2\repository\org\opentest4j\opentest4j\1.2.0\opentest4j-1.2.0.jar;C:\Users\DELL\.m2\repository\org\junit\platform\junit-platform-commons\1.6.2\junit-platform-commons-1.6.2.jar;C:\Users\DELL\.m2\repository\org\junit\jupiter\junit-jupiter-engine\5.6.2\junit-jupiter-engine-5.6.2.jar;C:\Users\DELL\.m2\repository\org\junit\platform\junit-platform-engine\1.6.2\junit-platform-engine-1.6.2.jar;"/>
    <property name="sun.cpu.endian" value="little"/>
    <property name="user.home" value="C:\Users\DELL"/>
    <property name="user.language" value="en"/>
    <property name="java.specification.vendor" value="Oracle Corporation"/>
    <property name="java.version.date" value="2021-03-16"/>
    <property name="java.home" value="C:\Program Files\Java\jdk-16"/>
    <property name="file.separator" value="\"/>
    <property name="basedir" value="C:\Users\DELL\Desktop\progeress soft\interview-task-main\interview-task-main"/>
    <property name="java.vm.compressedOopsMode" value="Zero based"/>
    <property name="line.separator" value="&#10;"/>
    <property name="java.vm.specification.vendor" value="Oracle Corporation"/>
    <property name="java.specification.name" value="Java Platform API Specification"/>
    <property name="surefire.real.class.path" value="C:\Users\DELL\AppData\Local\Temp\surefire1220986276220409471\surefirebooter13443342011388306623.jar"/>
    <property name="user.script" value=""/>
    <property name="sun.management.compiler" value="HotSpot 64-Bit Tiered Compilers"/>
    <property name="java.runtime.version" value="16+36-2231"/>
    <property name="user.name" value="DELL"/>
    <property name="path.separator" value=";"/>
    <property name="os.version" value="10.0"/>
    <property name="java.runtime.name" value="Java(TM) SE Runtime Environment"/>
    <property name="file.encoding" value="Cp1252"/>
    <property name="java.vm.name" value="Java HotSpot(TM) 64-Bit Server VM"/>
    <property name="localRepository" value="C:\Users\DELL\.m2\repository"/>
    <property name="java.vendor.url.bug" value="https://bugreport.java.com/bugreport/"/>
    <property name="java.io.tmpdir" value="C:\Users\DELL\AppData\Local\Temp\"/>
    <property name="idea.version" value="2021.3.2"/>
    <property name="java.version" value="16"/>
    <property name="user.dir" value="C:\Users\DELL\Desktop\progeress soft\interview-task-main\interview-task-main"/>
    <property name="os.arch" value="amd64"/>
    <property name="java.vm.specification.name" value="Java Virtual Machine Specification"/>
    <property name="sun.os.patch.level" value=""/>
    <property name="java.library.path" value="C:\Program Files\Java\jdk-16\bin;C:\WINDOWS\Sun\Java\bin;C:\WINDOWS\system32;C:\WINDOWS;C:\Python310\Scripts\;C:\Python310\;C:\Program Files\Common Files\Oracle\Java\javapath;C:\Program Files\AdoptOpenJDK\jre-8.0.242.08-hotspot\bin;C:\Program Files\AdoptOpenJDK\jre-11.0.6.10-hotspot\bin;C:\WINDOWS\system32;C:\WINDOWS;C:\WINDOWS\System32\Wbem;C:\WINDOWS\System32\WindowsPowerShell\v1.0\;C:\WINDOWS\System32\OpenSSH\;C:\Program Files\Microsoft SQL Server\Client SDK\ODBC\170\Tools\Binn\;C:\Program Files (x86)\Microsoft SQL Server\150\Tools\Binn\;C:\Program Files\Microsoft SQL Server\150\Tools\Binn\;C:\Program Files\Microsoft SQL Server\150\DTS\Binn\;C:\Program Files (x86)\Microsoft SQL Server\150\DTS\Binn\;C:\Program Files\Azure Data Studio\bin;C:\Program Files\dotnet\;C:\Program Files\Microsoft SQL Server\130\Tools\Binn\;C:\Program Files (x86)\dotnet\;C:\Program Files\nodejs\;C:\ProgramData\chocolatey\bin;C:\Program Files\Git\cmd;C:\Users\DELL\AppData\Local\Microsoft\WindowsApps;C:\Program Files\Azure Data Studio\bin;C:\Users\DELL\AppData\Local\Programs\Microsoft VS Code\bin;C:\Users\DELL\.dotnet\tools;C:\Users\DELL\AppData\Roaming\npm;C:\Program Files\JetBrains\IntelliJ IDEA 2021.3.2\bin;;."/>
    <property name="java.vm.info" value="mixed mode, sharing"/>
    <property name="java.vendor" value="Oracle Corporation"/>
    <property name="java.vm.version" value="16+36-2231"/>
    <property name="sun.io.unicode.encoding" value="UnicodeLittle"/>
    <property name="java.class.version" value="60.0"/>
  </properties>
  <testcase name="givenMarksCSVFileToScale_whenMarkColumnIsMinMaxScaled_thenNewCSVFileIsGeneratedWithAdditionalMinMaxScoreColumn" classname="com.progressoft.tools.NormalizerTest" time="0.201"/>
  <testcase name="givenInvalidInput_whenMinMaxScale_thenThrowException" classname="com.progressoft.tools.NormalizerTest" time="0.015"/>
  <testcase name="givenInvalidNormalizeColum_whenZscore_thenThrowException" classname="com.progressoft.tools.NormalizerTest" time="0.017"/>
  <testcase name="givenInvalidInputDestinationFileTypeNotCsv_whenZscore_thenThrowException" classname="com.progressoft.tools.NormalizerTest" time="0.041"/>
  <testcase name="givenInvalidInputDestinationFileTypeNotCsv_whenMin_Max_Scale_thenThrowException" classname="com.progressoft.tools.NormalizerTest" time="0.089"/>
  <testcase name="givenEmployeesCSVFileToScale_whenSalaryColumnIsZScored_thenNewCSVFileIsGeneratedWithAdditionalZScoreColumn" classname="com.progressoft.tools.NormalizerTest" time="0.071"/>
  <testcase name="givenInvalidNormalizeColum_whenMinMaxScaled_thenThrowException" classname="com.progressoft.tools.NormalizerTest" time="0.015"/>
  <testcase name="givenInvalidInputDestinationPathDirectory_whenZscore_thenThrowException" classname="com.progressoft.tools.NormalizerTest" time="0.048"/>
  <testcase name="givenMarksCSVFileToScale_whenMarkColumnIsZScored_thenNewCSVFileIsGeneratedWithAdditionalZScoreColumn" classname="com.progressoft.tools.NormalizerTest" time="0.055"/>
  <testcase name="givenEmployeesCSVFileToScale_whenSalaryColumnIsMinMaxScaled_thenNewCSVFileIsGeneratedWithAdditionalMinMaxScoreColumn" classname="com.progressoft.tools.NormalizerTest" time="0.083"/>
  <testcase name="givenInvalidInput_whenZscore_thenThrowException" classname="com.progressoft.tools.NormalizerTest" time="0.017"/>
  <testcase name="givenInvalidInputDestinationPathDirectory_whenMinMaxScale_thenThrowException" classname="com.progressoft.tools.NormalizerTest" time="0.054"/>
</testsuite>